<?xml version="1.0" encoding="UTF-8"?>
<testsuite name="Pruebas de inicio de sesión en La Haus" tests="1" skipped="0" failures="0" errors="0" timestamp="2021-09-23T16:08:54" hostname="3RO-PQVIS5CD746" time="57.315">
  <properties/>
  <testcase name="Iniciar sesión en la aplicación La Haus por medio de la cuenta de Google" classname="Pruebas de inicio de sesión en La Haus" time="57.315"/>
  <system-out><![CDATA[?[92m|-- Dado que el 'usuario' se encuentra en la página web de La Haus de Colombia?[0m
?[92m|---- usuario opens the https://sobreplanos-staging.herokuapp.com/?locale=co&country_selected=true?[0m
?[92m|-- Cuando ingrese a la opción Ingresar en Entra a la Haus?[0m
?[92m|---- Usuario abrir entra la haus?[0m
?[92m|------ usuario clicks on Botón aceptar cookies ?[0m
?[92m|------ usuario clicks on Label menú Ingresar ?[0m
Step argument class io.cucumber.core.gherkin.messages.GherkinMessagesDataTableArgument
?[92m|-- E inice sesión con la Cuenta de Google
| Cuenta de Google | cuentapruebaspruebas5@gmail.com |
| Contraseña | pruebas17* |?[0m
?[92m|---- Usuario iniciar sesion cuenta google?[0m
?[92m|------ usuario clicks on Botón para elegir la cuenta de google ?[0m
?[92m|------ Usuario diligenciar informacion cuenta google?[0m
?[92m|-------- usuario enters 'cuentapruebaspruebas5@gmail.com' into Caja de texto para ingresar el correo de gmail ?[0m
?[92m|-------- usuario clicks on Botón siguiente en correo ?[0m
?[92m|-------- usuario enters 'pruebas17*' into Caja de texto para ingresar la contraseña ?[0m
?[92m|-------- usuario clicks on Botón siguiente en contraseña ?[0m
?[92m|-- Entonces el sistema deberá direccionarlo a la página de La Haus, donde el usuario deberá poder ver en el menú la opción Mi perfil?[0m
?[92m|---- Then mi perfil should be (true)?[0m
]]></system-out>
  <system-err><![CDATA[[Test worker] INFO io.cucumber.core.plugin.SerenityReporter - Running feature from file:///C:/Users/cindreva/Documents/Repositorio%20Git/AutomationTestLaHaus/src/test/resources/features/iniciar_sesion_la_hause.feature
[Test worker] WARN io.cucumber.core.plugin.SerenityReporter - Feature from file:///C:/Users/cindreva/Documents/Repositorio%20Git/AutomationTestLaHaus/src/test/resources/features/iniciar_sesion_la_hause.feature is not under the 'features' directory. Requirements report will not be correctly generated!
[Test worker] INFO  - 
  _____   ___   ___   _____     ___   _____     _     ___   _____   ___   ___  
 |_   _| | __| / __| |_   _|   / __| |_   _|   /_\   | _ \ |_   _| | __| |   \ 
   | |   | _|  \__ \   | |     \__ \   | |    / _ \  |   /   | |   | _|  | |) |
   |_|   |___| |___/   |_|     |___/   |_|   /_/ \_\ |_|_\   |_|   |___| |___/ 

Iniciar sesión en la aplicación La Haus por medio de la cuenta de Google(pruebas-de-inicio-de-sesión-en-la-haus;iniciar-sesión-en-la-aplicación-la-haus-por-medio-de-la-cuenta-de-google)
--------------------------------------------------------------------------------
[Test worker] INFO net.serenitybdd.core.webdriver.driverproviders.ChromeDriverProvider - Using automatically driver download
[Test worker] INFO io.github.bonigarcia.wdm.WebDriverManager - Using chromedriver 93.0.4577.63 (resolved driver for Chrome 93)
[Test worker] INFO io.github.bonigarcia.wdm.WebDriverManager - Exporting webdriver.chrome.driver as C:\Users\cindreva\.cache\selenium\chromedriver\win32\93.0.4577.63\chromedriver.exe
[Test worker] INFO net.serenitybdd.core.webdriver.driverproviders.ProvideNewDriver - Instantiating driver
[Test worker] INFO net.serenitybdd.core.webdriver.driverproviders.ProvideNewDriver - Driver capabilities: Capabilities {acceptInsecureCerts: false, browserName: chrome, chrome.switches: --lang=es,--disable-popup-b..., goog:chromeOptions: {args: [--lang=es, --disable-popup-blocking, --disable-download-notifica..., --start-maximized, --test-type, --ignore-certificate-errors, --allow-running-insecure-co..., --disable-translate, --always-authorize-plugins, --disable-extensions], extensions: []}, loggingPrefs: org.openqa.selenium.logging...}
Starting ChromeDriver 93.0.4577.63 (ff5c0da2ec0adeaed5550e6c7e98417dac77d98a-refs/branch-heads/4577@{#1135}) on port 41258
Only local connections are allowed.
Please see https://chromedriver.chromium.org/security-considerations for suggestions on keeping ChromeDriver safe.
ChromeDriver was started successfully.
sep 23, 2021 11:09:12 AM org.openqa.selenium.remote.ProtocolHandshake createSession
INFORMACIÓN: Detected dialect: W3C
[Test worker] INFO  - ?[92m
  _____   ___   ___   _____     ___     _     ___   ___   ___   ___  
 |_   _| | __| / __| |_   _|   | _ \   /_\   / __| / __| | __| |   \ 
   | |   | _|  \__ \   | |     |  _/  / _ \  \__ \ \__ \ | _|  | |) |
   |_|   |___| |___/   |_|     |_|   /_/ \_\ |___/ |___/ |___| |___/ 

Iniciar sesión en la aplicación La Haus por medio de la cuenta de Google
----------------------------------------------------------------------?[0m
]]></system-err>
</testsuite>
