<?xml version="1.0" encoding="UTF-8"?>
<testsuite name="runners.IniciarSesionCuentaLaHausRunner" tests="0" skipped="0" failures="0" errors="0" timestamp="1970-01-01T00:00:00" hostname="3RO-PQVIS5CD746" time="0.0">
  <properties/>
  <system-out><![CDATA[
1 Scenarios (?[32m1 passed?[0m)
4 Steps (?[32m4 passed?[0m)
0m57,898s


]]></system-out>
  <system-err><![CDATA[[Test worker] INFO io.cucumber.core.plugin.SerenityReporter - Running feature from file:///C:/Users/cindreva/Documents/Repositorio%20Git/AutomationTestLaHaus/src/test/resources/features/iniciar_sesion_la_hause.feature
[Test worker] WARN io.cucumber.core.plugin.SerenityReporter - Feature from file:///C:/Users/cindreva/Documents/Repositorio%20Git/AutomationTestLaHaus/src/test/resources/features/iniciar_sesion_la_hause.feature is not under the 'features' directory. Requirements report will not be correctly generated!
[Test worker] INFO  - ?[96m

-------------------------------------------------------------------------------------
     _______. _______ .______       _______ .__   __.  __  .___________.____    ____ 
    /       ||   ____||   _  \     |   ____||  \ |  | |  | |           |\   \  /   / 
   |   (----`|  |__   |  |_)  |    |  |__   |   \|  | |  | `---|  |----` \   \/   /  
    \   \    |   __|  |      /     |   __|  |  . `  | |  |     |  |       \_    _/   
.----)   |   |  |____ |  |\  \----.|  |____ |  |\   | |  |     |  |         |  |     
|_______/    |_______|| _| `._____||_______||__| \__| |__|     |__|         |__|    
                                                                                     
 News and tutorials at http://www.serenity-bdd.info                                  
 Documentation at https://wakaleo.gitbooks.io/the-serenity-book/content/             
 Join the Serenity Community on Gitter: https://gitter.im/serenity-bdd/serenity-core 
 Serenity BDD Support and Training at http://serenity-bdd.info/#/trainingandsupport  
-------------------------------------------------------------------------------------
?[0m
[Test worker] INFO  - Test Suite Started: Pruebas de inicio de sesión en La Haus
[pool-1-thread-1] INFO net.thucydides.core.reports.ReportService - net.thucydides.core.reports.json.JSONTestOutcomeReporter@238f1baa: Generating report for test outcome: Pruebas de inicio de sesión en La Haus:Iniciar sesión en la aplicación La Haus por medio de la cuenta de Google
[pool-2-thread-1] INFO net.thucydides.core.reports.ReportService - net.thucydides.core.reports.html.HtmlAcceptanceTestReporter@26f2cc95: Generating report for test outcome: Pruebas de inicio de sesión en La Haus:Iniciar sesión en la aplicación La Haus por medio de la cuenta de Google
[pool-2-thread-1] INFO serenity.reporting - 
---------------------------------------------------------------------------------------
| TEST NAME:   ?[1mIniciar sesión en la aplicación La Haus por medio de la cuenta de Google?[0m
| RESULT:      ?[92mPassing?[0m
| REQUIREMENT: Pruebas de inicio de sesión en La Haus
| REPORT:      ?[96mfile:///C:/Users/cindreva/Documents/Repositorio%20Git/AutomationTestLaHaus/target/site/serenity/18f56605227a4a25f834986056c3a438c18ec29a2af87e7400538ab641ad1e5a.html?[0m
---------------------------------------------------------------------------------------
]]></system-err>
</testsuite>
