<?xml version="1.0" encoding="UTF-8"?>
<testsuite name="Pruebas de consumos de API de reqres in" tests="2" skipped="0" failures="0" errors="0" timestamp="2021-09-20T23:38:00" hostname="3RO-PQVIS5CD746" time="13.251">
  <properties/>
  <testcase name="Obtener respuesta de un usuario no registrado en la API" classname="Pruebas de consumos de API de reqres in" time="11.279"/>
  <testcase name="Actualizar lista de empleados en la API" classname="Pruebas de consumos de API de reqres in" time="1.972"/>
  <system-out><![CDATA[Request method:	GET
Request URI:	https://reqres.in/api/users/23
Proxy:			<none>
Request params:	<none>
Query params:	<none>
Form params:	<none>
Path params:	<none>
Headers:		Accept=*/*
Cookies:		<none>
Multiparts:		<none>
Body:			<none>
HTTP/1.1 404 Not Found
Date: Mon, 20 Sep 2021 23:41:10 GMT
Content-Type: application/json; charset=utf-8
Content-Length: 2
Connection: keep-alive
x-powered-by: Express
access-control-allow-origin: *
etag: W/"2-vyGp6PvFo4RvsFtPoIWeCReyIC8"
via: 1.1 vegur
Cache-Control: max-age=14400
CF-Cache-Status: EXPIRED
Expect-CT: max-age=604800, report-uri="https://report-uri.cloudflare.com/cdn-cgi/beacon/expect-ct"
Report-To: {"endpoints":[{"url":"https:\/\/a.nel.cloudflare.com\/report\/v3?s=%2BtcRlxEs7FNVRLLs4vfvyYvJWspEGYZ53qixkKGtvQD6ykX0ZfJNdDWwUufgE%2BrRe7Etal1aw7ohrfIXSPysvI5LUEhGC3MOZNHe0SDkSTywah6Rza26t6HKT7U%3D"}],"group":"cf-nel","max_age":604800}
NEL: {"success_fraction":0,"report_to":"cf-nel","max_age":604800}
Vary: Accept-Encoding
Server: cloudflare
CF-RAY: 691ee7282cf002e4-MIA
alt-svc: h3=":443"; ma=86400, h3-29=":443"; ma=86400, h3-28=":443"; ma=86400, h3-27=":443"; ma=86400

{
    
}
Step argument class io.cucumber.core.gherkin.messages.GherkinMessagesDataTableArgument
HTTP/1.1 200 OK
Date: Mon, 20 Sep 2021 23:41:13 GMT
Content-Type: application/json; charset=utf-8
Content-Length: 40
Connection: keep-alive
x-powered-by: Express
access-control-allow-origin: *
etag: W/"28-WeFvVDpAQwShGRz1Dxyzzb5/ATA"
via: 1.1 vegur
CF-Cache-Status: DYNAMIC
Expect-CT: max-age=604800, report-uri="https://report-uri.cloudflare.com/cdn-cgi/beacon/expect-ct"
Report-To: {"endpoints":[{"url":"https:\/\/a.nel.cloudflare.com\/report\/v3?s=sSCxSWCuzkvPtiZ%2FhvI0EHC9VVoMOSNt%2ByD9sDfYa2IzD3FmSf6RMNmkIiHwsq2DdEEt3f1jqcOj0kmxnwl3kd137uICt5kXzJZe9%2BuwZC0QuuVkmBq4IhJbQhY%3D"}],"group":"cf-nel","max_age":604800}
NEL: {"success_fraction":0,"report_to":"cf-nel","max_age":604800}
Vary: Accept-Encoding
Server: cloudflare
CF-RAY: 691ee73c09c009f6-MIA
alt-svc: h3=":443"; ma=86400, h3-29=":443"; ma=86400, h3-28=":443"; ma=86400, h3-27=":443"; ma=86400

{
    "updatedAt": "2021-09-20T23:41:13.179Z"
}
]]></system-out>
  <system-err><![CDATA[[Test worker] INFO io.cucumber.core.plugin.SerenityReporter - Running feature from file:///C:/Users/cindreva/Documents/Repositorio%20Git/AutomationTestLaHaus/src/test/resources/features/consumos_servicios_reqres.feature
[Test worker] WARN io.cucumber.core.plugin.SerenityReporter - Feature from file:///C:/Users/cindreva/Documents/Repositorio%20Git/AutomationTestLaHaus/src/test/resources/features/consumos_servicios_reqres.feature is not under the 'features' directory. Requirements report will not be correctly generated!
[Test worker] INFO  - 
  _____   ___   ___   _____     ___   _____     _     ___   _____   ___   ___  
 |_   _| | __| / __| |_   _|   / __| |_   _|   /_\   | _ \ |_   _| | __| |   \ 
   | |   | _|  \__ \   | |     \__ \   | |    / _ \  |   /   | |   | _|  | |) |
   |_|   |___| |___/   |_|     |___/   |_|   /_/ \_\ |_|_\   |_|   |___| |___/ 

Obtener respuesta de un usuario no registrado en la API(pruebas-de-consumos-de-api-de-reqres-in;obtener-respuesta-de-un-usuario-no-registrado-en-la-api)
--------------------------------------------------------------------------------
[Test worker] INFO  - 
  _____   ___   ___   _____     ___     _     ___   ___   ___   ___  
 |_   _| | __| / __| |_   _|   | _ \   /_\   / __| / __| | __| |   \ 
   | |   | _|  \__ \   | |     |  _/  / _ \  \__ \ \__ \ | _|  | |) |
   |_|   |___| |___/   |_|     |_|   /_/ \_\ |___/ |___/ |___| |___/ 

Obtener respuesta de un usuario no registrado en la API
----------------------------------------------------------------------
[Test worker] INFO io.cucumber.core.plugin.SerenityReporter - Running feature from file:///C:/Users/cindreva/Documents/Repositorio%20Git/AutomationTestLaHaus/src/test/resources/features/consumos_servicios_reqres.feature
[Test worker] WARN io.cucumber.core.plugin.SerenityReporter - Feature from file:///C:/Users/cindreva/Documents/Repositorio%20Git/AutomationTestLaHaus/src/test/resources/features/consumos_servicios_reqres.feature is not under the 'features' directory. Requirements report will not be correctly generated!
[Test worker] INFO  - 
  _____   ___   ___   _____     ___   _____     _     ___   _____   ___   ___  
 |_   _| | __| / __| |_   _|   / __| |_   _|   /_\   | _ \ |_   _| | __| |   \ 
   | |   | _|  \__ \   | |     \__ \   | |    / _ \  |   /   | |   | _|  | |) |
   |_|   |___| |___/   |_|     |___/   |_|   /_/ \_\ |_|_\   |_|   |___| |___/ 

Actualizar lista de empleados en la API(pruebas-de-consumos-de-api-de-reqres-in;actualizar-lista-de-empleados-en-la-api)
--------------------------------------------------------------------------------
[Test worker] INFO  - 
  _____   ___   ___   _____     ___     _     ___   ___   ___   ___  
 |_   _| | __| / __| |_   _|   | _ \   /_\   / __| / __| | __| |   \ 
   | |   | _|  \__ \   | |     |  _/  / _ \  \__ \ \__ \ | _|  | |) |
   |_|   |___| |___/   |_|     |_|   /_/ \_\ |___/ |___/ |___| |___/ 

Actualizar lista de empleados en la API
----------------------------------------------------------------------
]]></system-err>
</testsuite>
